-- Found ament_cmake: 1.3.2 (/opt/ros/humble/share/ament_cmake/cmake)
-- Found rclcpp: 16.0.1 (/opt/ros/humble/share/rclcpp/cmake)
-- Found rosidl_generator_c: 3.1.3 (/opt/ros/humble/share/rosidl_generator_c/cmake)
-- Found rosidl_adapter: 3.1.3 (/opt/ros/humble/share/rosidl_adapter/cmake)
-- Found rosidl_generator_cpp: 3.1.3 (/opt/ros/humble/share/rosidl_generator_cpp/cmake)
-- Using all available rosidl_typesupport_c: rosidl_typesupport_fastrtps_c;rosidl_typesupport_introspection_c
-- Using all available rosidl_typesupport_cpp: rosidl_typesupport_fastrtps_cpp;rosidl_typesupport_introspection_cpp
-- Found rmw_implementation_cmake: 6.1.0 (/opt/ros/humble/share/rmw_implementation_cmake/cmake)
-- Found rmw_fastrtps_cpp: 6.2.1 (/opt/ros/humble/share/rmw_fastrtps_cpp/cmake)
-- Using RMW implementation 'rmw_fastrtps_cpp' as default
-- Found maestro_interfaces: 0.0.0 (/home/k/Desktop/Zeb05/Zebulon05/ros_packages_full/install/maestro_interfaces/share/maestro_interfaces/cmake)
-- Found ament_lint_auto: 0.12.4 (/opt/ros/humble/share/ament_lint_auto/cmake)
WARNING: Package name "RobotLeg" does not follow the naming conventions. It should start with a lower case letter and only contain lower case letters, digits, underscores, and dashes.
-- Added test 'cppcheck' to perform static code analysis on C / C++ code
-- Configured cppcheck include dirs: 
-- Configured cppcheck exclude dirs and/or files: 
-- Added test 'lint_cmake' to check CMake code style
-- Added test 'uncrustify' to check C / C++ code style
-- Configured uncrustify additional arguments: 
-- Added test 'xmllint' to check XML markup files
-- Configuring done
-- Generating done
-- Build files have been written to: /home/k/Desktop/Zeb05/Zebulon05/ros_packages_full/build/RobotLeg
[35m[1mConsolidate compiler generated dependencies of target robot_leg_wrapper[0m
[ 33%] [32mBuilding CXX object CMakeFiles/robot_leg_wrapper.dir/src/RobotLegRosWrapper.cpp.o[0m
[ 66%] [32mBuilding CXX object CMakeFiles/robot_leg_wrapper.dir/src/RobotLegRos.cpp.o[0m
In file included from [01m[K/home/k/Desktop/Zeb05/Zebulon05/ros_packages_full/src/RobotLeg/src/RobotLegRosWrapper.cpp:5[m[K:
[01m[K/home/k/Desktop/Zeb05/Zebulon05/ros_packages_full/src/RobotLeg/src/../include/RobotLeg/RobotLegRosWrapper.hpp:19:10:[m[K [01;31m[Kfatal error: [m[K../include/RobotLeg/RobotLegRos.hpp: No such file or directory
   19 | #include [01;31m[K"../include/RobotLeg/RobotLegRos.hpp"[m[K
      |          [01;31m[K^~~~~~~~~~~~~~~~~~~~~~~~~~~~~~~~~~~~~[m[K
compilation terminated.
gmake[2]: *** [CMakeFiles/robot_leg_wrapper.dir/build.make:76: CMakeFiles/robot_leg_wrapper.dir/src/RobotLegRosWrapper.cpp.o] Error 1
gmake[2]: *** Waiting for unfinished jobs....
In file included from [01m[K/home/k/Desktop/Zeb05/Zebulon05/ros_packages_full/src/RobotLeg/src/RobotLegRos.cpp:5[m[K:
[01m[K/home/k/Desktop/Zeb05/Zebulon05/ros_packages_full/src/RobotLeg/src/../include/RobotLeg/RobotLegRos.hpp:[m[K In constructor â€˜[01m[KRobotLegRos::RobotLegRos(rclcpp::Publisher<maestro_interfaces::msg::MaestroTarget_<std::allocator<void> > >::SharedPtr)[m[Kâ€™:
[01m[K/home/k/Desktop/Zeb05/Zebulon05/ros_packages_full/src/RobotLeg/src/../include/RobotLeg/RobotLegRos.hpp:14:138:[m[K [01;31m[Kerror: [m[Kexpected â€˜[01m[K{[m[Kâ€™ at end of input
   14 |     RobotLegRos(rclcpp::Publisher<maestro_interfaces::msg::MaestroTarget>::SharedPtr pub_message_ptr) : pub_message_ptr_(pub_message_ptr)[01;31m[K;[m[K
      |                                                                                                                                          [01;31m[K^[m[K
[01m[K/home/k/Desktop/Zeb05/Zebulon05/ros_packages_full/src/RobotLeg/src/RobotLegRos.cpp:[m[K In member function â€˜[01m[Kvoid RobotLegRos::do_step(int, int)[m[Kâ€™:
[01m[K/home/k/Desktop/Zeb05/Zebulon05/ros_packages_full/src/RobotLeg/src/RobotLegRos.cpp:8:31:[m[K [01;35m[Kwarning: [m[Kunused parameter â€˜[01m[Kstep_length[m[Kâ€™ [[01;35m[K-Wunused-parameter[m[K]
    8 | void RobotLegRos::do_step([01;35m[Kint step_length[m[K, int step_height){
      |                           [01;35m[K~~~~^~~~~~~~~~~[m[K
[01m[K/home/k/Desktop/Zeb05/Zebulon05/ros_packages_full/src/RobotLeg/src/RobotLegRos.cpp:8:48:[m[K [01;35m[Kwarning: [m[Kunused parameter â€˜[01m[Kstep_height[m[Kâ€™ [[01;35m[K-Wunused-parameter[m[K]
    8 | void RobotLegRos::do_step(int step_length, [01;35m[Kint step_height[m[K){
      |                                            [01;35m[K~~~~^~~~~~~~~~~[m[K
gmake[2]: *** [CMakeFiles/robot_leg_wrapper.dir/build.make:90: CMakeFiles/robot_leg_wrapper.dir/src/RobotLegRos.cpp.o] Error 1
gmake[1]: *** [CMakeFiles/Makefile2:137: CMakeFiles/robot_leg_wrapper.dir/all] Error 2
gmake: *** [Makefile:146: all] Error 2
