[0.090s] Invoking command in '/home/k/Desktop/Zeb05/Zebulon05/ros_packages_full/build/RobotLeg': CMAKE_PREFIX_PATH=/opt/ros/humble /usr/bin/cmake --build /home/k/Desktop/Zeb05/Zebulon05/ros_packages_full/build/RobotLeg -- -j4 -l4
[0.610s] -- Found ament_cmake: 1.3.2 (/opt/ros/humble/share/ament_cmake/cmake)
[1.707s] -- Found rclcpp: 16.0.1 (/opt/ros/humble/share/rclcpp/cmake)
[2.039s] -- Found rosidl_generator_c: 3.1.3 (/opt/ros/humble/share/rosidl_generator_c/cmake)
[2.057s] -- Found rosidl_adapter: 3.1.3 (/opt/ros/humble/share/rosidl_adapter/cmake)
[2.104s] -- Found rosidl_generator_cpp: 3.1.3 (/opt/ros/humble/share/rosidl_generator_cpp/cmake)
[2.180s] -- Using all available rosidl_typesupport_c: rosidl_typesupport_fastrtps_c;rosidl_typesupport_introspection_c
[2.281s] -- Using all available rosidl_typesupport_cpp: rosidl_typesupport_fastrtps_cpp;rosidl_typesupport_introspection_cpp
[2.640s] -- Found rmw_implementation_cmake: 6.1.0 (/opt/ros/humble/share/rmw_implementation_cmake/cmake)
[2.654s] -- Found rmw_fastrtps_cpp: 6.2.1 (/opt/ros/humble/share/rmw_fastrtps_cpp/cmake)
[3.935s] -- Using RMW implementation 'rmw_fastrtps_cpp' as default
[4.743s] -- Found maestro_interfaces: 0.0.0 (/home/k/Desktop/Zeb05/Zebulon05/ros_packages_full/install/maestro_interfaces/share/maestro_interfaces/cmake)
[5.297s] -- Found ament_lint_auto: 0.12.4 (/opt/ros/humble/share/ament_lint_auto/cmake)
[5.567s] WARNING: Package name "RobotLeg" does not follow the naming conventions. It should start with a lower case letter and only contain lower case letters, digits, underscores, and dashes.
[5.701s] -- Added test 'cppcheck' to perform static code analysis on C / C++ code
[5.701s] -- Configured cppcheck include dirs: 
[5.702s] -- Configured cppcheck exclude dirs and/or files: 
[5.707s] -- Added test 'lint_cmake' to check CMake code style
[5.719s] -- Added test 'uncrustify' to check C / C++ code style
[5.719s] -- Configured uncrustify additional arguments: 
[5.722s] -- Added test 'xmllint' to check XML markup files
[5.729s] -- Configuring done
[5.863s] -- Generating done
[5.874s] -- Build files have been written to: /home/k/Desktop/Zeb05/Zebulon05/ros_packages_full/build/RobotLeg
[6.032s] [35m[1mConsolidate compiler generated dependencies of target robot_leg_wrapper[0m
[6.219s] [ 33%] [32mBuilding CXX object CMakeFiles/robot_leg_wrapper.dir/src/RobotLegRosWrapper.cpp.o[0m
[6.222s] [ 66%] [32mBuilding CXX object CMakeFiles/robot_leg_wrapper.dir/src/RobotLegRos.cpp.o[0m
[8.991s] In file included from [01m[K/home/k/Desktop/Zeb05/Zebulon05/ros_packages_full/src/RobotLeg/src/RobotLegRosWrapper.cpp:5[m[K:
[8.992s] [01m[K/home/k/Desktop/Zeb05/Zebulon05/ros_packages_full/src/RobotLeg/src/../include/RobotLeg/RobotLegRosWrapper.hpp:19:10:[m[K [01;31m[Kfatal error: [m[K../include/RobotLeg/RobotLegRos.hpp: No such file or directory
[8.992s]    19 | #include [01;31m[K"../include/RobotLeg/RobotLegRos.hpp"[m[K
[8.992s]       |          [01;31m[K^~~~~~~~~~~~~~~~~~~~~~~~~~~~~~~~~~~~~[m[K
[8.993s] compilation terminated.
[9.016s] gmake[2]: *** [CMakeFiles/robot_leg_wrapper.dir/build.make:76: CMakeFiles/robot_leg_wrapper.dir/src/RobotLegRosWrapper.cpp.o] Error 1
[9.016s] gmake[2]: *** Waiting for unfinished jobs....
[18.240s] In file included from [01m[K/home/k/Desktop/Zeb05/Zebulon05/ros_packages_full/src/RobotLeg/src/RobotLegRos.cpp:5[m[K:
[18.240s] [01m[K/home/k/Desktop/Zeb05/Zebulon05/ros_packages_full/src/RobotLeg/src/../include/RobotLeg/RobotLegRos.hpp:[m[K In constructor â€˜[01m[KRobotLegRos::RobotLegRos(rclcpp::Publisher<maestro_interfaces::msg::MaestroTarget_<std::allocator<void> > >::SharedPtr)[m[Kâ€™:
[18.241s] [01m[K/home/k/Desktop/Zeb05/Zebulon05/ros_packages_full/src/RobotLeg/src/../include/RobotLeg/RobotLegRos.hpp:14:138:[m[K [01;31m[Kerror: [m[Kexpected â€˜[01m[K{[m[Kâ€™ at end of input
[18.241s]    14 |     RobotLegRos(rclcpp::Publisher<maestro_interfaces::msg::MaestroTarget>::SharedPtr pub_message_ptr) : pub_message_ptr_(pub_message_ptr)[01;31m[K;[m[K
[18.241s]       |                                                                                                                                          [01;31m[K^[m[K
[18.243s] [01m[K/home/k/Desktop/Zeb05/Zebulon05/ros_packages_full/src/RobotLeg/src/RobotLegRos.cpp:[m[K In member function â€˜[01m[Kvoid RobotLegRos::do_step(int, int)[m[Kâ€™:
[18.243s] [01m[K/home/k/Desktop/Zeb05/Zebulon05/ros_packages_full/src/RobotLeg/src/RobotLegRos.cpp:8:31:[m[K [01;35m[Kwarning: [m[Kunused parameter â€˜[01m[Kstep_length[m[Kâ€™ [[01;35m[K-Wunused-parameter[m[K]
[18.244s]     8 | void RobotLegRos::do_step([01;35m[Kint step_length[m[K, int step_height){
[18.244s]       |                           [01;35m[K~~~~^~~~~~~~~~~[m[K
[18.245s] [01m[K/home/k/Desktop/Zeb05/Zebulon05/ros_packages_full/src/RobotLeg/src/RobotLegRos.cpp:8:48:[m[K [01;35m[Kwarning: [m[Kunused parameter â€˜[01m[Kstep_height[m[Kâ€™ [[01;35m[K-Wunused-parameter[m[K]
[18.245s]     8 | void RobotLegRos::do_step(int step_length, [01;35m[Kint step_height[m[K){
[18.245s]       |                                            [01;35m[K~~~~^~~~~~~~~~~[m[K
[20.255s] gmake[2]: *** [CMakeFiles/robot_leg_wrapper.dir/build.make:90: CMakeFiles/robot_leg_wrapper.dir/src/RobotLegRos.cpp.o] Error 1
[20.256s] gmake[1]: *** [CMakeFiles/Makefile2:137: CMakeFiles/robot_leg_wrapper.dir/all] Error 2
[20.257s] gmake: *** [Makefile:146: all] Error 2
[20.264s] Invoked command in '/home/k/Desktop/Zeb05/Zebulon05/ros_packages_full/build/RobotLeg' returned '2': CMAKE_PREFIX_PATH=/opt/ros/humble /usr/bin/cmake --build /home/k/Desktop/Zeb05/Zebulon05/ros_packages_full/build/RobotLeg -- -j4 -l4
