[0.074s] Invoking command in '/home/k/Desktop/Zeb05/Zebulon05/ros_packages_full/build/RobotLeg': CMAKE_PREFIX_PATH=${CMAKE_PREFIX_PATH}:/home/k/Desktop/Zeb05/Zebulon05/ros_packages_full/install/polulu_maestro:/opt/ros/humble /usr/bin/cmake --build /home/k/Desktop/Zeb05/Zebulon05/ros_packages_full/build/RobotLeg -- -j4 -l4
[0.305s] [35m[1mConsolidate compiler generated dependencies of target robot_leg_wrapper[0m
[0.426s] [ 33%] [32mBuilding CXX object CMakeFiles/robot_leg_wrapper.dir/src/RobotLegRos.cpp.o[0m
[0.430s] [ 66%] [32mBuilding CXX object CMakeFiles/robot_leg_wrapper.dir/src/RobotLegRosWrapper.cpp.o[0m
[12.367s] In file included from [01m[K/home/k/Desktop/Zeb05/Zebulon05/ros_packages_full/src/RobotLeg/src/RobotLegRos.cpp:5[m[K:
[12.368s] [01m[K/home/k/Desktop/Zeb05/Zebulon05/ros_packages_full/src/RobotLeg/src/../include/RobotLeg/RobotLegRos.hpp:[m[K In constructor â€˜[01m[KRobotLegRos::RobotLegRos()[m[Kâ€™:
[12.369s] [01m[K/home/k/Desktop/Zeb05/Zebulon05/ros_packages_full/src/RobotLeg/src/../include/RobotLeg/RobotLegRos.hpp:15:33:[m[K [01;31m[Kerror: [m[Kâ€˜[01m[Kpub_message_ptr[m[Kâ€™ was not declared in this scope; did you mean â€˜[01m[Kpub_message_ptr_[m[Kâ€™?
[12.370s]    15 |     RobotLegRos() : RobotLegRos([01;31m[Kpub_message_ptr[m[K = nullptr, servo_ids = {0, 1, 2}) {};
[12.370s]       |                                 [01;31m[K^~~~~~~~~~~~~~~[m[K
[12.371s]       |                                 [32m[Kpub_message_ptr_[m[K
[12.385s] In file included from [01m[K/home/k/Desktop/Zeb05/Zebulon05/ros_packages_full/src/RobotLeg/src/../include/RobotLeg/RobotLegRosWrapper.hpp:19[m[K,
[12.386s]                  from [01m[K/home/k/Desktop/Zeb05/Zebulon05/ros_packages_full/src/RobotLeg/src/RobotLegRosWrapper.cpp:5[m[K:
[12.387s] [01m[K/home/k/Desktop/Zeb05/Zebulon05/ros_packages_full/src/RobotLeg/src/../include/RobotLeg/RobotLegRos.hpp:[m[K In constructor â€˜[01m[KRobotLegRos::RobotLegRos()[m[Kâ€™:
[12.388s] [01m[K/home/k/Desktop/Zeb05/Zebulon05/ros_packages_full/src/RobotLeg/src/../include/RobotLeg/RobotLegRos.hpp:15:33:[m[K [01;31m[Kerror: [m[Kâ€˜[01m[Kpub_message_ptr[m[Kâ€™ was not declared in this scope; did you mean â€˜[01m[Kpub_message_ptr_[m[Kâ€™?
[12.389s]    15 |     RobotLegRos() : RobotLegRos([01;31m[Kpub_message_ptr[m[K = nullptr, servo_ids = {0, 1, 2}) {};
[12.390s]       |                                 [01;31m[K^~~~~~~~~~~~~~~[m[K
[12.390s]       |                                 [32m[Kpub_message_ptr_[m[K
[12.394s] [01m[K/home/k/Desktop/Zeb05/Zebulon05/ros_packages_full/src/RobotLeg/src/../include/RobotLeg/RobotLegRos.hpp:15:60:[m[K [01;31m[Kerror: [m[Kâ€˜[01m[Kservo_ids[m[Kâ€™ was not declared in this scope; did you mean â€˜[01m[Kservo_ids_[m[Kâ€™?
[12.395s]    15 |     RobotLegRos() : RobotLegRos(pub_message_ptr = nullptr, [01;31m[Kservo_ids[m[K = {0, 1, 2}) {};
[12.396s]       |                                                            [01;31m[K^~~~~~~~~[m[K
[12.397s]       |                                                            [32m[Kservo_ids_[m[K
[12.402s] [01m[K/home/k/Desktop/Zeb05/Zebulon05/ros_packages_full/src/RobotLeg/src/RobotLegRos.cpp:[m[K In member function â€˜[01m[Kvoid RobotLegRos::do_step(int, int)[m[Kâ€™:
[12.402s] [01m[K/home/k/Desktop/Zeb05/Zebulon05/ros_packages_full/src/RobotLeg/src/RobotLegRos.cpp:10:77:[m[K [01;35m[Kwarning: [m[Knarrowing conversion of â€˜[01m[K(((2496 * 4) * step_length) * step_height)[m[Kâ€™ from â€˜[01m[Kint[m[Kâ€™ to â€˜[01m[Kunsigned int[m[Kâ€™ [[01;35m[K-Wnarrowing[m[K]
[12.403s]    10 |         this->get_servos_to_pos({2496 * 4, 2496 * 4, [01;35m[K2496 * 4 * step_length * step_height[m[K});
[12.404s]       |                                                      [01;35m[K~~~~~~~~~~~~~~~~~~~~~~~^~~~~~~~~~~~~[m[K
[12.405s] [01m[K/home/k/Desktop/Zeb05/Zebulon05/ros_packages_full/src/RobotLeg/src/RobotLegRos.cpp:14:74:[m[K [01;35m[Kwarning: [m[Knarrowing conversion of â€˜[01m[K(((496 * 4) * step_length) * step_height)[m[Kâ€™ from â€˜[01m[Kint[m[Kâ€™ to â€˜[01m[Kunsigned int[m[Kâ€™ [[01;35m[K-Wnarrowing[m[K]
[12.406s]    14 |         this->get_servos_to_pos({496 * 4, 496 * 4, [01;35m[K496 * 4 * step_length * step_height[m[K});
[12.406s]       |                                                    [01;35m[K~~~~~~~~~~~~~~~~~~~~~~^~~~~~~~~~~~~[m[K
[12.413s] [01m[K/home/k/Desktop/Zeb05/Zebulon05/ros_packages_full/src/RobotLeg/src/../include/RobotLeg/RobotLegRos.hpp:15:60:[m[K [01;31m[Kerror: [m[Kâ€˜[01m[Kservo_ids[m[Kâ€™ was not declared in this scope; did you mean â€˜[01m[Kservo_ids_[m[Kâ€™?
[12.414s]    15 |     RobotLegRos() : RobotLegRos(pub_message_ptr = nullptr, [01;31m[Kservo_ids[m[K = {0, 1, 2}) {};
[12.414s]       |                                                            [01;31m[K^~~~~~~~~[m[K
[12.415s]       |                                                            [32m[Kservo_ids_[m[K
[14.669s] gmake[2]: *** [CMakeFiles/robot_leg_wrapper.dir/build.make:76: CMakeFiles/robot_leg_wrapper.dir/src/RobotLegRos.cpp.o] Error 1
[14.670s] gmake[2]: *** Waiting for unfinished jobs....
[22.366s] gmake[2]: *** [CMakeFiles/robot_leg_wrapper.dir/build.make:90: CMakeFiles/robot_leg_wrapper.dir/src/RobotLegRosWrapper.cpp.o] Error 1
[22.367s] gmake[1]: *** [CMakeFiles/Makefile2:137: CMakeFiles/robot_leg_wrapper.dir/all] Error 2
[22.368s] gmake: *** [Makefile:146: all] Error 2
[22.375s] Invoked command in '/home/k/Desktop/Zeb05/Zebulon05/ros_packages_full/build/RobotLeg' returned '2': CMAKE_PREFIX_PATH=${CMAKE_PREFIX_PATH}:/home/k/Desktop/Zeb05/Zebulon05/ros_packages_full/install/polulu_maestro:/opt/ros/humble /usr/bin/cmake --build /home/k/Desktop/Zeb05/Zebulon05/ros_packages_full/build/RobotLeg -- -j4 -l4
