[01m[K/home/k/Desktop/Zeb05/Zebulon05/ros_packages_full/src/RobotLeg/src/RobotLegRosWrapper.cpp:[m[K In member function â€˜[01m[Kvoid RobotLegRosWrapper::timer_callback()[m[Kâ€™:
[01m[K/home/k/Desktop/Zeb05/Zebulon05/ros_packages_full/src/RobotLeg/src/RobotLegRosWrapper.cpp:8:5:[m[K [01;31m[Kerror: [m[Kâ€˜[01m[Krobo_leg[m[Kâ€™ was not declared in this scope
    8 |     [01;31m[Krobo_leg[m[K.do_step(0, 0);
      |     [01;31m[K^~~~~~~~[m[K
gmake[2]: *** [CMakeFiles/robot_leg_wrapper.dir/build.make:76: CMakeFiles/robot_leg_wrapper.dir/src/RobotLegRosWrapper.cpp.o] Error 1
gmake[1]: *** [CMakeFiles/Makefile2:137: CMakeFiles/robot_leg_wrapper.dir/all] Error 2
gmake: *** [Makefile:146: all] Error 2
