[0.074s] Invoking command in '/home/k/Desktop/Zeb05/Zebulon05/ros_packages_full/build/RobotLeg': CMAKE_PREFIX_PATH=/opt/ros/humble /usr/bin/cmake --build /home/k/Desktop/Zeb05/Zebulon05/ros_packages_full/build/RobotLeg -- -j4 -l4
[0.272s] [35m[1mConsolidate compiler generated dependencies of target robot_leg_wrapper[0m
[0.414s] [ 50%] [32mBuilding CXX object CMakeFiles/robot_leg_wrapper.dir/src/RobotLegRosWrapper.cpp.o[0m
[12.690s] [01m[K/home/k/Desktop/Zeb05/Zebulon05/ros_packages_full/src/RobotLeg/src/RobotLegRosWrapper.cpp:[m[K In member function â€˜[01m[Kvoid RobotLegRosWrapper::timer_callback()[m[Kâ€™:
[12.691s] [01m[K/home/k/Desktop/Zeb05/Zebulon05/ros_packages_full/src/RobotLeg/src/RobotLegRosWrapper.cpp:8:5:[m[K [01;31m[Kerror: [m[Kinvalid use of member function â€˜[01m[KRobotLegRos RobotLegRosWrapper::robo_leg()[m[Kâ€™ (did you forget the â€˜[01m[K()[m[Kâ€™ ?)
[12.691s]     8 |     [01;31m[Krobo_leg[m[K.do_step(0, 0);
[12.691s]       |     [01;31m[K^~~~~~~~[m[K
[12.692s]       |             [32m[K()[m[K
[15.592s] gmake[2]: *** [CMakeFiles/robot_leg_wrapper.dir/build.make:76: CMakeFiles/robot_leg_wrapper.dir/src/RobotLegRosWrapper.cpp.o] Error 1
[15.593s] gmake[1]: *** [CMakeFiles/Makefile2:137: CMakeFiles/robot_leg_wrapper.dir/all] Error 2
[15.594s] gmake: *** [Makefile:146: all] Error 2
[15.602s] Invoked command in '/home/k/Desktop/Zeb05/Zebulon05/ros_packages_full/build/RobotLeg' returned '2': CMAKE_PREFIX_PATH=/opt/ros/humble /usr/bin/cmake --build /home/k/Desktop/Zeb05/Zebulon05/ros_packages_full/build/RobotLeg -- -j4 -l4
