In file included from [01m[K/home/k/Desktop/Zeb05/Zebulon05/ros_packages_full/src/RobotLeg/src/RobotLegRosWrapper.cpp:5[m[K:
[01m[K/home/k/Desktop/Zeb05/Zebulon05/ros_packages_full/src/RobotLeg/src/../include/RobotLeg/RobotLegRosWrapper.hpp:18:10:[m[K [01;31m[Kfatal error: [m[Krobot_interfaces/msg/step.hpp: No such file or directory
   18 | #include [01;31m[K"robot_interfaces/msg/step.hpp"[m[K
      |          [01;31m[K^~~~~~~~~~~~~~~~~~~~~~~~~~~~~~~[m[K
compilation terminated.
gmake[2]: *** [CMakeFiles/robot_leg_wrapper.dir/build.make:90: CMakeFiles/robot_leg_wrapper.dir/src/RobotLegRosWrapper.cpp.o] Error 1
gmake[2]: *** Waiting for unfinished jobs....
[01m[K/home/k/Desktop/Zeb05/Zebulon05/ros_packages_full/src/RobotLeg/src/RobotLegRos.cpp:[m[K In member function â€˜[01m[Kvoid RobotLegRos::start_step()[m[Kâ€™:
[01m[K/home/k/Desktop/Zeb05/Zebulon05/ros_packages_full/src/RobotLeg/src/RobotLegRos.cpp:32:23:[m[K [01;31m[Kerror: [m[Kcannot convert â€˜[01m[KRobotLegRos::start_step[m[Kâ€™ from type â€˜[01m[Kvoid (RobotLegRos::)()[m[Kâ€™ to type â€˜[01m[KStepStage[m[Kâ€™
   32 |         step_stage_ = [01;31m[Kstart_step[m[K;
      |                       [01;31m[K^~~~~~~~~~[m[K
[01m[K/home/k/Desktop/Zeb05/Zebulon05/ros_packages_full/src/RobotLeg/src/RobotLegRos.cpp:[m[K In member function â€˜[01m[Kvoid RobotLegRos::perform_step()[m[Kâ€™:
[01m[K/home/k/Desktop/Zeb05/Zebulon05/ros_packages_full/src/RobotLeg/src/RobotLegRos.cpp:45:25:[m[K [01;31m[Kerror: [m[Kinvalid use of non-static member function â€˜[01m[Kvoid RobotLegRos::start_step()[m[Kâ€™
   45 |     else if([01;31m[Kstep_stage_ == start_step[m[K){
      |             [01;31m[K~~~~~~~~~~~~^~~~~~~~~~~~~[m[K
[01m[K/home/k/Desktop/Zeb05/Zebulon05/ros_packages_full/src/RobotLeg/src/RobotLegRos.cpp:30:6:[m[K [01;36m[Knote: [m[Kdeclared here
   30 | void [01;36m[KRobotLegRos[m[K::start_step(){
      |      [01;36m[K^~~~~~~~~~~[m[K
gmake[2]: *** [CMakeFiles/robot_leg_wrapper.dir/build.make:76: CMakeFiles/robot_leg_wrapper.dir/src/RobotLegRos.cpp.o] Error 1
gmake[1]: *** [CMakeFiles/Makefile2:137: CMakeFiles/robot_leg_wrapper.dir/all] Error 2
gmake: *** [Makefile:146: all] Error 2
