[0.107s] Invoking command in '/home/k/Desktop/Zeb05/Zebulon05/ros_packages_full/build/RobotLeg': CMAKE_PREFIX_PATH=${CMAKE_PREFIX_PATH}:/home/k/Desktop/Zeb05/Zebulon05/ros_packages_full/install/polulu_maestro:/opt/ros/humble /usr/bin/cmake --build /home/k/Desktop/Zeb05/Zebulon05/ros_packages_full/build/RobotLeg -- -j4 -l4
[0.710s] [35m[1mConsolidate compiler generated dependencies of target robot_leg_wrapper[0m
[1.070s] [ 33%] [32mBuilding CXX object CMakeFiles/robot_leg_wrapper.dir/src/RobotLegRos.cpp.o[0m
[1.074s] [ 66%] [32mBuilding CXX object CMakeFiles/robot_leg_wrapper.dir/src/RobotLegRosWrapper.cpp.o[0m
[3.883s] In file included from [01m[K/home/k/Desktop/Zeb05/Zebulon05/ros_packages_full/src/RobotLeg/src/RobotLegRosWrapper.cpp:5[m[K:
[3.883s] [01m[K/home/k/Desktop/Zeb05/Zebulon05/ros_packages_full/src/RobotLeg/src/../include/RobotLeg/RobotLegRosWrapper.hpp:18:10:[m[K [01;31m[Kfatal error: [m[Krobot_interfaces/msg/step.hpp: No such file or directory
[3.884s]    18 | #include [01;31m[K"robot_interfaces/msg/step.hpp"[m[K
[3.884s]       |          [01;31m[K^~~~~~~~~~~~~~~~~~~~~~~~~~~~~~~[m[K
[3.885s] compilation terminated.
[3.910s] gmake[2]: *** [CMakeFiles/robot_leg_wrapper.dir/build.make:90: CMakeFiles/robot_leg_wrapper.dir/src/RobotLegRosWrapper.cpp.o] Error 1
[3.910s] gmake[2]: *** Waiting for unfinished jobs....
[13.022s] [01m[K/home/k/Desktop/Zeb05/Zebulon05/ros_packages_full/src/RobotLeg/src/RobotLegRos.cpp:[m[K In member function â€˜[01m[Kvoid RobotLegRos::start_step()[m[Kâ€™:
[13.023s] [01m[K/home/k/Desktop/Zeb05/Zebulon05/ros_packages_full/src/RobotLeg/src/RobotLegRos.cpp:32:23:[m[K [01;31m[Kerror: [m[Kcannot convert â€˜[01m[KRobotLegRos::start_step[m[Kâ€™ from type â€˜[01m[Kvoid (RobotLegRos::)()[m[Kâ€™ to type â€˜[01m[KStepStage[m[Kâ€™
[13.023s]    32 |         step_stage_ = [01;31m[Kstart_step[m[K;
[13.024s]       |                       [01;31m[K^~~~~~~~~~[m[K
[13.024s] [01m[K/home/k/Desktop/Zeb05/Zebulon05/ros_packages_full/src/RobotLeg/src/RobotLegRos.cpp:[m[K In member function â€˜[01m[Kvoid RobotLegRos::perform_step()[m[Kâ€™:
[13.025s] [01m[K/home/k/Desktop/Zeb05/Zebulon05/ros_packages_full/src/RobotLeg/src/RobotLegRos.cpp:45:25:[m[K [01;31m[Kerror: [m[Kinvalid use of non-static member function â€˜[01m[Kvoid RobotLegRos::start_step()[m[Kâ€™
[13.025s]    45 |     else if([01;31m[Kstep_stage_ == start_step[m[K){
[13.026s]       |             [01;31m[K~~~~~~~~~~~~^~~~~~~~~~~~~[m[K
[13.026s] [01m[K/home/k/Desktop/Zeb05/Zebulon05/ros_packages_full/src/RobotLeg/src/RobotLegRos.cpp:30:6:[m[K [01;36m[Knote: [m[Kdeclared here
[13.027s]    30 | void [01;36m[KRobotLegRos[m[K::start_step(){
[13.027s]       |      [01;36m[K^~~~~~~~~~~[m[K
[15.148s] gmake[2]: *** [CMakeFiles/robot_leg_wrapper.dir/build.make:76: CMakeFiles/robot_leg_wrapper.dir/src/RobotLegRos.cpp.o] Error 1
[15.149s] gmake[1]: *** [CMakeFiles/Makefile2:137: CMakeFiles/robot_leg_wrapper.dir/all] Error 2
[15.150s] gmake: *** [Makefile:146: all] Error 2
[15.157s] Invoked command in '/home/k/Desktop/Zeb05/Zebulon05/ros_packages_full/build/RobotLeg' returned '2': CMAKE_PREFIX_PATH=${CMAKE_PREFIX_PATH}:/home/k/Desktop/Zeb05/Zebulon05/ros_packages_full/install/polulu_maestro:/opt/ros/humble /usr/bin/cmake --build /home/k/Desktop/Zeb05/Zebulon05/ros_packages_full/build/RobotLeg -- -j4 -l4
