[0.069s] Invoking command in '/home/k/Desktop/Zeb05/Zebulon05/ros_packages_full/build/RobotLeg': CMAKE_PREFIX_PATH=/opt/ros/humble /usr/bin/cmake --build /home/k/Desktop/Zeb05/Zebulon05/ros_packages_full/build/RobotLeg -- -j4 -l4
[0.263s] [35m[1mConsolidate compiler generated dependencies of target robot_leg_wrapper[0m
[0.367s] [ 50%] [32mBuilding CXX object CMakeFiles/robot_leg_wrapper.dir/src/RobotLegRosWrapper.cpp.o[0m
[18.409s] [100%] [32m[1mLinking CXX executable robot_leg_wrapper[0m
[19.586s] /usr/bin/ld: CMakeFiles/robot_leg_wrapper.dir/src/RobotLegRosWrapper.cpp.o: in function `RobotLegRosWrapper::timer_callback()':
[19.586s] RobotLegRosWrapper.cpp:(.text+0x24): undefined reference to `RobotLegRos::do_step(int, int)'
[19.655s] collect2: error: ld returned 1 exit status
[19.661s] gmake[2]: *** [CMakeFiles/robot_leg_wrapper.dir/build.make:175: robot_leg_wrapper] Error 1
[19.662s] gmake[1]: *** [CMakeFiles/Makefile2:137: CMakeFiles/robot_leg_wrapper.dir/all] Error 2
[19.663s] gmake: *** [Makefile:146: all] Error 2
[19.673s] Invoked command in '/home/k/Desktop/Zeb05/Zebulon05/ros_packages_full/build/RobotLeg' returned '2': CMAKE_PREFIX_PATH=/opt/ros/humble /usr/bin/cmake --build /home/k/Desktop/Zeb05/Zebulon05/ros_packages_full/build/RobotLeg -- -j4 -l4
