[01m[K/home/k/Desktop/Zeb05/Zebulon05/ros_packages_full/src/RobotLeg/src/RobotLegRos.cpp:[m[K In member function â€˜[01m[Kvoid RobotLegRos::do_step(int, int)[m[Kâ€™:
[01m[K/home/k/Desktop/Zeb05/Zebulon05/ros_packages_full/src/RobotLeg/src/RobotLegRos.cpp:9:105:[m[K [01;35m[Kwarning: [m[Knarrowing conversion of â€˜[01m[K(((2496 * 4) * step_length) * step_height)[m[Kâ€™ from â€˜[01m[Kint[m[Kâ€™ to â€˜[01m[Kunsigned int[m[Kâ€™ [[01;35m[K-Wnarrowing[m[K]
    9 | nsigned int, 3>({2496 * 4, 2496 * 4, [01;35m[K2496 * 4 * step_length * step_height[m[K}));
      |                                      [01;35m[K~~~~~~~~~~~~~~~~~~~~~~~^~~~~~~~~~~~~[m[K

[01m[K/home/k/Desktop/Zeb05/Zebulon05/ros_packages_full/src/RobotLeg/src/RobotLegRos.cpp:11:105:[m[K [01;35m[Kwarning: [m[Knarrowing conversion of â€˜[01m[K(((496 * 4) * step_length) * step_height)[m[Kâ€™ from â€˜[01m[Kint[m[Kâ€™ to â€˜[01m[Kunsigned int[m[Kâ€™ [[01;35m[K-Wnarrowing[m[K]
   11 | nsigned int, 3>({496  * 4, 496  * 4, [01;35m[K496  * 4 * step_length * step_height[m[K}));
      |                                      [01;35m[K~~~~~~~~~~~~~~~~~~~~~~~^~~~~~~~~~~~~[m[K

[01m[K/home/k/Desktop/Zeb05/Zebulon05/ros_packages_full/src/RobotLeg/src/RobotLegRos.cpp:[m[K In member function â€˜[01m[Kvoid RobotLegRos::get_servos_to_pos(std::array<unsigned int, 3>)[m[Kâ€™:
[01m[K/home/k/Desktop/Zeb05/Zebulon05/ros_packages_full/src/RobotLeg/src/RobotLegRos.cpp:47:39:[m[K [01;31m[Kerror: [m[Kâ€˜[01m[Kmessage[m[Kâ€™ was not declared in this scope; did you mean â€˜[01m[Kmessage3[m[Kâ€™?
   47 |             pub_message_ptr_->publish([01;31m[Kmessage[m[K);
      |                                       [01;31m[K^~~~~~~[m[K
      |                                       [32m[Kmessage3[m[K
gmake[2]: *** [CMakeFiles/robot_leg_wrapper.dir/build.make:76: CMakeFiles/robot_leg_wrapper.dir/src/RobotLegRos.cpp.o] Error 1
gmake[1]: *** [CMakeFiles/Makefile2:137: CMakeFiles/robot_leg_wrapper.dir/all] Error 2
gmake: *** [Makefile:146: all] Error 2
