[0.096s] Invoking command in '/home/k/Desktop/Zeb05/Zebulon05/ros_packages_full/build/RobotLeg': CMAKE_PREFIX_PATH=${CMAKE_PREFIX_PATH}:/home/k/Desktop/Zeb05/Zebulon05/ros_packages_full/install/polulu_maestro:/opt/ros/humble /usr/bin/cmake --build /home/k/Desktop/Zeb05/Zebulon05/ros_packages_full/build/RobotLeg -- -j4 -l4
[0.492s] [35m[1mConsolidate compiler generated dependencies of target robot_leg_wrapper[0m
[0.761s] [ 33%] [32mBuilding CXX object CMakeFiles/robot_leg_wrapper.dir/src/RobotLegRos.cpp.o[0m
[12.583s] [01m[K/home/k/Desktop/Zeb05/Zebulon05/ros_packages_full/src/RobotLeg/src/RobotLegRos.cpp:[m[K In member function â€˜[01m[Kvoid RobotLegRos::do_step(int, int)[m[Kâ€™:
[12.584s] [01m[K/home/k/Desktop/Zeb05/Zebulon05/ros_packages_full/src/RobotLeg/src/RobotLegRos.cpp:9:105:[m[K [01;35m[Kwarning: [m[Knarrowing conversion of â€˜[01m[K(((2496 * 4) * step_length) * step_height)[m[Kâ€™ from â€˜[01m[Kint[m[Kâ€™ to â€˜[01m[Kunsigned int[m[Kâ€™ [[01;35m[K-Wnarrowing[m[K]
[12.584s]     9 | nsigned int, 3>({2496 * 4, 2496 * 4, [01;35m[K2496 * 4 * step_length * step_height[m[K}));
[12.585s]       |                                      [01;35m[K~~~~~~~~~~~~~~~~~~~~~~~^~~~~~~~~~~~~[m[K
[12.585s] 
[12.586s] [01m[K/home/k/Desktop/Zeb05/Zebulon05/ros_packages_full/src/RobotLeg/src/RobotLegRos.cpp:11:105:[m[K [01;35m[Kwarning: [m[Knarrowing conversion of â€˜[01m[K(((496 * 4) * step_length) * step_height)[m[Kâ€™ from â€˜[01m[Kint[m[Kâ€™ to â€˜[01m[Kunsigned int[m[Kâ€™ [[01;35m[K-Wnarrowing[m[K]
[12.586s]    11 | nsigned int, 3>({496  * 4, 496  * 4, [01;35m[K496  * 4 * step_length * step_height[m[K}));
[12.586s]       |                                      [01;35m[K~~~~~~~~~~~~~~~~~~~~~~~^~~~~~~~~~~~~[m[K
[12.587s] 
[12.618s] [01m[K/home/k/Desktop/Zeb05/Zebulon05/ros_packages_full/src/RobotLeg/src/RobotLegRos.cpp:[m[K In member function â€˜[01m[Kvoid RobotLegRos::get_servos_to_pos(std::array<unsigned int, 3>)[m[Kâ€™:
[12.618s] [01m[K/home/k/Desktop/Zeb05/Zebulon05/ros_packages_full/src/RobotLeg/src/RobotLegRos.cpp:47:39:[m[K [01;31m[Kerror: [m[Kâ€˜[01m[Kmessage[m[Kâ€™ was not declared in this scope; did you mean â€˜[01m[Kmessage3[m[Kâ€™?
[12.619s]    47 |             pub_message_ptr_->publish([01;31m[Kmessage[m[K);
[12.619s]       |                                       [01;31m[K^~~~~~~[m[K
[12.620s]       |                                       [32m[Kmessage3[m[K
[14.635s] gmake[2]: *** [CMakeFiles/robot_leg_wrapper.dir/build.make:76: CMakeFiles/robot_leg_wrapper.dir/src/RobotLegRos.cpp.o] Error 1
[14.636s] gmake[1]: *** [CMakeFiles/Makefile2:137: CMakeFiles/robot_leg_wrapper.dir/all] Error 2
[14.637s] gmake: *** [Makefile:146: all] Error 2
[14.644s] Invoked command in '/home/k/Desktop/Zeb05/Zebulon05/ros_packages_full/build/RobotLeg' returned '2': CMAKE_PREFIX_PATH=${CMAKE_PREFIX_PATH}:/home/k/Desktop/Zeb05/Zebulon05/ros_packages_full/install/polulu_maestro:/opt/ros/humble /usr/bin/cmake --build /home/k/Desktop/Zeb05/Zebulon05/ros_packages_full/build/RobotLeg -- -j4 -l4
